Starting HCA System in hybrid mode...
Primary: HHV | Watchlist: ['TOS', 'NKG', 'AAS'] | Capital: 50,000,000
Fetching data...
Traceback (most recent call last):
  File "/home/runner/work/Aether-Quant/Aether-Quant/main.py", line 95, in <module>
    main()
  File "/home/runner/work/Aether-Quant/Aether-Quant/main.py", line 58, in main
    data_dict = fetch_data(tickers, period="6mo")
                ^^^^^^^^^^^^^^^^^^^^^^^^^^^^^^^^^
  File "/home/runner/work/Aether-Quant/Aether-Quant/data_pipeline.py", line 50, in fetch_data
    stock_engine = Vnstock().stock(symbol='VN30', source='VCI')
                   ^^^^^^^^^
  File "/opt/hostedtoolcache/Python/3.11.15/x64/lib/python3.11/site-packages/vnstock/__init__.py", line 62, in __new__
    actual_class = _get_vnstock()
                   ^^^^^^^^^^^^^^
  File "/opt/hostedtoolcache/Python/3.11.15/x64/lib/python3.11/site-packages/vnstock/__init__.py", line 51, in _get_vnstock
    from vnstock.common.client import Vnstock as _VnstockClass
  File "/opt/hostedtoolcache/Python/3.11.15/x64/lib/python3.11/site-packages/vnstock/common/__init__.py", line 1, in <module>
    from vnstock.common import (
  File "/opt/hostedtoolcache/Python/3.11.15/x64/lib/python3.11/site-packages/vnstock/common/viz.py", line 79, in <module>
    raise ImportError(
ImportError: No charting library available. Please install one of:
1. vnstock_chart (recommended): pip install --extra-index-url https://vnstocks.com/api/simple vnstock_chart
2. vnstock_ezchart (fallback): pip install vnstock_ezchart
